0 info it worked if it ends with ok
1 verbose cli [ '/usr/local/Cellar/node/5.1.1/bin/node',
1 verbose cli   '/usr/local/bin/npm',
1 verbose cli   'run-script',
1 verbose cli   'autofix' ]
2 info using npm@3.9.5
3 info using node@v6.2.2
4 verbose run-script [ 'preautofix', 'autofix', 'postautofix' ]
5 info lifecycle conversation-simple@0.1.1~preautofix: conversation-simple@0.1.1
6 silly lifecycle conversation-simple@0.1.1~preautofix: no script for preautofix, continuing
7 info lifecycle conversation-simple@0.1.1~autofix: conversation-simple@0.1.1
8 verbose lifecycle conversation-simple@0.1.1~autofix: unsafe-perm in lifecycle true
9 verbose lifecycle conversation-simple@0.1.1~autofix: PATH: /usr/local/lib/node_modules/npm/bin/node-gyp-bin:/Users/sayeghro/Documents/Dartmouth Junior Year/CS89/cs89-final/node_modules/.bin:/usr/local/Cellar/node/5.1.1/bin:/Users/sayeghro/.rbenv/shims:/opt/local/bin:/opt/local/sbin:/opt/local/bin:/opt/local/sbin:/Library/Frameworks/Python.framework/Versions/3.4/bin:/usr/local/bin:/usr/bin:/bin:/usr/sbin:/sbin:/opt/X11/bin
10 verbose lifecycle conversation-simple@0.1.1~autofix: CWD: /Users/sayeghro/Documents/Dartmouth Junior Year/CS89/cs89-final
11 silly lifecycle conversation-simple@0.1.1~autofix: Args: [ '-c', 'eslint --fix .' ]
12 silly lifecycle conversation-simple@0.1.1~autofix: Returned: code: 1  signal: null
13 info lifecycle conversation-simple@0.1.1~autofix: Failed to exec autofix script
14 verbose stack Error: conversation-simple@0.1.1 autofix: `eslint --fix .`
14 verbose stack Exit status 1
14 verbose stack     at EventEmitter.<anonymous> (/usr/local/lib/node_modules/npm/lib/utils/lifecycle.js:245:16)
14 verbose stack     at emitTwo (events.js:106:13)
14 verbose stack     at EventEmitter.emit (events.js:191:7)
14 verbose stack     at ChildProcess.<anonymous> (/usr/local/lib/node_modules/npm/lib/utils/spawn.js:24:14)
14 verbose stack     at emitTwo (events.js:106:13)
14 verbose stack     at ChildProcess.emit (events.js:191:7)
14 verbose stack     at maybeClose (internal/child_process.js:852:16)
14 verbose stack     at Process.ChildProcess._handle.onexit (internal/child_process.js:215:5)
15 verbose pkgid conversation-simple@0.1.1
16 verbose cwd /Users/sayeghro/Documents/Dartmouth Junior Year/CS89/cs89-final
17 error Darwin 14.5.0
18 error argv "/usr/local/Cellar/node/5.1.1/bin/node" "/usr/local/bin/npm" "run-script" "autofix"
19 error node v6.2.2
20 error npm  v3.9.5
21 error code ELIFECYCLE
22 error conversation-simple@0.1.1 autofix: `eslint --fix .`
22 error Exit status 1
23 error Failed at the conversation-simple@0.1.1 autofix script 'eslint --fix .'.
23 error Make sure you have the latest version of node.js and npm installed.
23 error If you do, this is most likely a problem with the conversation-simple package,
23 error not with npm itself.
23 error Tell the author that this fails on your system:
23 error     eslint --fix .
23 error You can get information on how to open an issue for this project with:
23 error     npm bugs conversation-simple
23 error Or if that isn't available, you can get their info via:
23 error     npm owner ls conversation-simple
23 error There is likely additional logging output above.
24 verbose exit [ 1, true ]
